<?xml version="1.0" encoding="UTF-8"?>
<!-- Generated by org.testng.reporters.JUnitReportReporter -->
<testsuite hostname="inspiron3501" failures="0" tests="1" name="Listeners.NetworkFailure" time="10.559" errors="0" timestamp="2024-07-20T11:32:40 IST" skipped="0">
  <testcase classname="Listeners.NetworkFailure" name="excecuteOneMoreTime" time="10.559"/>
</testsuite> <!-- Listeners.NetworkFailure -->
