<?xml version="1.0" encoding="UTF-8"?>
<!-- Generated by org.testng.reporters.JUnitReportReporter -->
<testsuite hostname="inspiron3501" failures="0" tests="3" name="basic.MultipleTestCase" time="26.869" errors="0" timestamp="2024-07-11T11:04:04 IST" skipped="0">
  <testcase classname="basic.MultipleTestCase" name="rcb" time="11.188"/>
  <testcase classname="basic.MultipleTestCase" name="csk" time="9.766"/>
  <testcase classname="basic.MultipleTestCase" name="dws" time="5.915"/>
</testsuite> <!-- basic.MultipleTestCase -->
