<?xml version="1.0" encoding="UTF-8"?>
<!-- Generated by org.testng.reporters.JUnitReportReporter -->
<testsuite hostname="inspiron3501" failures="0" tests="2" name="TestNg2.ShoesPuma" time="45.187" errors="0" timestamp="2024-07-11T11:44:11 IST" skipped="0">
  <testcase classname="TestNg2.ShoesPuma" name="puma" time="27.403"/>
  <testcase classname="TestNg2.ShoesPuma" name="puma" time="17.784"/>
</testsuite> <!-- TestNg2.ShoesPuma -->
