<?xml version="1.0" encoding="UTF-8"?>
<!-- Generated by org.testng.reporters.JUnitReportReporter -->
<testsuite hostname="inspiron3501" failures="0" tests="2" name="dataprovider.MultipleData" time="22.415" errors="0" timestamp="2024-07-17T11:57:55 IST" skipped="0">
  <testcase classname="dataprovider.MultipleData" name="receiver" time="11.474"/>
  <testcase classname="dataprovider.MultipleData" name="receiver" time="10.941"/>
</testsuite> <!-- dataprovider.MultipleData -->
