<?xml version="1.0" encoding="UTF-8"?>
<!-- Generated by org.testng.reporters.JUnitReportReporter -->
<testsuite hostname="inspiron3501" failures="0" tests="2" name="TestNg1.BikeFZ" time="20.363" errors="0" timestamp="2024-07-11T11:44:11 IST" skipped="0">
  <testcase classname="TestNg1.BikeFZ" name="fz" time="10.034"/>
  <testcase classname="TestNg1.BikeFZ" name="fz" time="10.329"/>
</testsuite> <!-- TestNg1.BikeFZ -->
