<?xml version="1.0" encoding="UTF-8"?>
<!-- Generated by org.testng.reporters.JUnitReportReporter -->
<testsuite hostname="inspiron3501" failures="0" tests="2" name="dataprovider.StoreData1$StoreData" time="0.007" errors="0" timestamp="2024-07-15T11:13:44 IST" skipped="0">
  <testcase classname="dataprovider.StoreData1$StoreData" name="receiver" time="0.005"/>
  <testcase classname="dataprovider.StoreData1$StoreData" name="receiver" time="0.002"/>
</testsuite> <!-- dataprovider.StoreData1$StoreData -->
