<?xml version="1.0" encoding="UTF-8"?>
<!-- Generated by org.testng.reporters.JUnitReportReporter -->
<testsuite hostname="inspiron3501" failures="0" tests="1" name="PageObjectModel.Homepage_Dws" time="7.053" errors="0" timestamp="2024-07-18T10:06:30 IST" skipped="0">
  <testcase classname="PageObjectModel.Homepage_Dws" name="main" time="7.053"/>
</testsuite> <!-- PageObjectModel.Homepage_Dws -->
