<?xml version="1.0" encoding="UTF-8"?>
<!-- Generated by org.testng.reporters.JUnitReportReporter -->
<testsuite hostname="inspiron3501" failures="0" tests="2" name="dataprovider.StoreDataFromeExcel$StoreData" time="14.210" errors="0" timestamp="2024-07-15T11:45:28 IST" skipped="0">
  <testcase classname="dataprovider.StoreDataFromeExcel$StoreData" name="receiver" time="8.086"/>
  <testcase classname="dataprovider.StoreDataFromeExcel$StoreData" name="receiver" time="6.124"/>
</testsuite> <!-- dataprovider.StoreDataFromeExcel$StoreData -->
