<?xml version="1.0" encoding="UTF-8"?>
<!-- Generated by org.testng.reporters.JUnitReportReporter -->
<testsuite hostname="inspiron3501" failures="0" tests="1" name="PageObjectModel.GiftCart_Dws" time="14.368" errors="0" timestamp="2024-07-18T10:07:19 IST" skipped="0">
  <testcase classname="PageObjectModel.GiftCart_Dws" name="main" time="14.368"/>
</testsuite> <!-- PageObjectModel.GiftCart_Dws -->
