<?xml version="1.0" encoding="UTF-8"?>
<!-- Generated by org.testng.reporters.JUnitReportReporter -->
<testsuite hostname="inspiron3501" failures="0" tests="1" name="PageObjectModel.LoginFunction" time="15.478" errors="0" timestamp="2024-07-18T10:06:12 IST" skipped="0">
  <testcase classname="PageObjectModel.LoginFunction" name="main" time="15.478"/>
</testsuite> <!-- PageObjectModel.LoginFunction -->
