<?xml version="1.0" encoding="UTF-8"?>
<!-- Generated by org.testng.reporters.JUnitReportReporter -->
<testsuite hostname="inspiron3501" failures="0" tests="2" name="basic.ChronologicalAnnotation" time="0.007" errors="0" timestamp="2024-07-12T11:01:53 IST" skipped="0">
  <testcase classname="basic.ChronologicalAnnotation" name="testcase2" time="0.001"/>
  <testcase classname="basic.ChronologicalAnnotation" name="testcase1" time="0.006"/>
</testsuite> <!-- basic.ChronologicalAnnotation -->
