<?xml version="1.0" encoding="UTF-8"?>
<!-- Generated by org.testng.reporters.JUnitReportReporter -->
<testsuite hostname="inspiron3501" failures="0" tests="1" name="PageObjectModel.RegisterFunction" time="12.536" errors="0" timestamp="2024-07-18T10:01:29 IST" skipped="0">
  <testcase classname="PageObjectModel.RegisterFunction" name="main" time="12.536"/>
</testsuite> <!-- PageObjectModel.RegisterFunction -->
