<?xml version="1.0" encoding="UTF-8"?>
<!-- Generated by org.testng.reporters.JUnitReportReporter -->
<testsuite hostname="inspiron3501" failures="0" tests="1" name="PageObjectModel.Digital_Dws" time="11.553" errors="0" timestamp="2024-07-18T10:07:51 IST" skipped="0">
  <testcase classname="PageObjectModel.Digital_Dws" name="main" time="11.553"/>
</testsuite> <!-- PageObjectModel.Digital_Dws -->
