<?xml version="1.0" encoding="UTF-8"?>
<!-- Generated by org.testng.reporters.JUnitReportReporter -->
<testsuite hostname="inspiron3501" failures="0" tests="2" name="dataprovider.StoreData" time="16.043" errors="0" timestamp="2024-07-15T11:10:41 IST" skipped="0">
  <testcase classname="dataprovider.StoreData" name="receiver" time="6.034"/>
  <testcase classname="dataprovider.StoreData" name="receiver" time="10.009"/>
</testsuite> <!-- dataprovider.StoreData -->
