<?xml version="1.0" encoding="UTF-8"?>
<!-- Generated by org.testng.reporters.JUnitReportReporter -->
<testsuite hostname="inspiron3501" failures="0" tests="2" name="TestNg2.ShoesNike" time="73.729" errors="0" timestamp="2024-07-11T11:44:11 IST" skipped="0">
  <testcase classname="TestNg2.ShoesNike" name="aNike" time="36.934"/>
  <testcase classname="TestNg2.ShoesNike" name="aNike" time="36.795"/>
</testsuite> <!-- TestNg2.ShoesNike -->
